<?xml version="1.0" encoding="UTF-8"?>
<!-- Generated by org.testng.reporters.JUnitReportReporter -->
<testsuite hostname="HIH-D-2292" name="com.lushop.logback.test.TestLog" tests="1" failures="0" timestamp="7 Jul 2016 06:06:57 GMT" time="0.012" errors="0">
  <testcase name="TestNgLearn" time="0.012" classname="com.lushop.logback.test.TestLog"/>
</testsuite> <!-- com.lushop.logback.test.TestLog -->
